<?xml version="1.0" encoding="UTF-8"?>
<!-- Generated by org.testng.reporters.JUnitReportReporter -->
<testsuite hostname="PWLAP2781" failures="0" tests="1" name="MAXCG_PlanTest.MAXCG_Product_Page_Test" time="156.501" errors="0" timestamp="2023-05-24T17:00:17 IST" skipped="0">
  <testcase classname="MAXCG_PlanTest.MAXCG_Product_Page_Test" name="producttest" time="156.501"/>
  <system-out/>
</testsuite> <!-- MAXCG_PlanTest.MAXCG_Product_Page_Test -->
