<?xml version="1.0" encoding="UTF-8"?>
<!-- Generated by org.testng.reporters.JUnitReportReporter -->
<testsuite hostname="PWLAP2781" failures="0" tests="1" name="Max_Smart_Flexi_protect_Test.a02_Quote_Test" time="25.459" errors="0" timestamp="2023-06-06T11:05:14 IST" skipped="0">
  <testcase classname="Max_Smart_Flexi_protect_Test.a02_Quote_Test" name="Quate_page1" time="25.459"/>
  <system-out/>
</testsuite> <!-- Max_Smart_Flexi_protect_Test.a02_Quote_Test -->
