<?xml version="1.0" encoding="UTF-8"?>
<!-- Generated by org.testng.reporters.JUnitReportReporter -->
<testsuite hostname="PWLAP2781" failures="0" tests="1" name="MAXCG_PlanTest.Ipru_product_page" time="38.646" errors="0" timestamp="2023-06-01T13:09:54 IST" skipped="0">
  <testcase classname="MAXCG_PlanTest.Ipru_product_page" name="ipru_test" time="38.646"/>
  <system-out/>
</testsuite> <!-- MAXCG_PlanTest.Ipru_product_page -->
