<?xml version="1.0" encoding="UTF-8"?>
<!-- Generated by org.testng.reporters.JUnitReportReporter -->
<testsuite hostname="PWLAP2781" failures="0" tests="1" name="MAXCG_PlanTest.Payment_Test_Max" time="229.107" errors="0" timestamp="2023-05-29T15:31:56 IST" skipped="0">
  <testcase classname="MAXCG_PlanTest.Payment_Test_Max" name="payment" time="229.107"/>
  <system-out/>
</testsuite> <!-- MAXCG_PlanTest.Payment_Test_Max -->
